2026-04-30T17:11:22.475+05:30  INFO 27620 --- [resource-allocation] [restartedMain] c.b.r.ResourceAllocationApplication      : Starting ResourceAllocationApplication using Java 21.0.2 with PID 27620 (C:\Users\2479797\Desktop\BuildSmartMicroservices\resource-allocation\resource-allocation\target\classes started by 2479797 in C:\Users\2479797\Desktop\BuildSmartMicroservices)
2026-04-30T17:11:22.483+05:30  INFO 27620 --- [resource-allocation] [restartedMain] c.b.r.ResourceAllocationApplication      : No active profile set, falling back to 1 default profile: "default"
2026-04-30T17:11:22.838+05:30  INFO 27620 --- [resource-allocation] [restartedMain] .e.DevToolsPropertyDefaultsPostProcessor : Devtools property defaults active! Set 'spring.devtools.add-properties' to 'false' to disable
2026-04-30T17:11:22.838+05:30  INFO 27620 --- [resource-allocation] [restartedMain] .e.DevToolsPropertyDefaultsPostProcessor : For additional web related logging consider setting the 'logging.level.web' property to 'DEBUG'
2026-04-30T17:11:32.815+05:30  INFO 27620 --- [resource-allocation] [restartedMain] .s.d.r.c.RepositoryConfigurationDelegate : Bootstrapping Spring Data JPA repositories in DEFAULT mode.
2026-04-30T17:11:34.262+05:30  INFO 27620 --- [resource-allocation] [restartedMain] .s.d.r.c.RepositoryConfigurationDelegate : Finished Spring Data repository scanning in 1394 ms. Found 3 JPA repository interfaces.
2026-04-30T17:11:36.790+05:30  INFO 27620 --- [resource-allocation] [restartedMain] o.s.cloud.context.scope.GenericScope     : BeanFactory id=f49bb376-4d54-3183-932e-092e53173605
2026-04-30T17:11:39.514+05:30  WARN 27620 --- [resource-allocation] [restartedMain] trationDelegate$BeanPostProcessorChecker : Bean 'org.springframework.cloud.client.loadbalancer.LoadBalancerAutoConfiguration$LoadBalancerInterceptorConfig' of type [org.springframework.cloud.client.loadbalancer.LoadBalancerAutoConfiguration$LoadBalancerInterceptorConfig] is not eligible for getting processed by all BeanPostProcessors (for example: not eligible for auto-proxying). The currently created BeanPostProcessor [lbRestClientPostProcessor] is declared through a non-static factory method on that class; consider declaring it as static instead.
2026-04-30T17:11:39.541+05:30  WARN 27620 --- [resource-allocation] [restartedMain] trationDelegate$BeanPostProcessorChecker : Bean 'org.springframework.cloud.loadbalancer.config.BlockingLoadBalancerClientAutoConfiguration' of type [org.springframework.cloud.loadbalancer.config.BlockingLoadBalancerClientAutoConfiguration] is not eligible for getting processed by all BeanPostProcessors (for example: not eligible for auto-proxying). Is this bean getting eagerly injected into a currently created BeanPostProcessor [lbRestClientPostProcessor]? Check the corresponding BeanPostProcessor declaration and its dependencies.
2026-04-30T17:11:39.557+05:30  WARN 27620 --- [resource-allocation] [restartedMain] trationDelegate$BeanPostProcessorChecker : Bean 'org.springframework.cloud.loadbalancer.config.LoadBalancerAutoConfiguration' of type [org.springframework.cloud.loadbalancer.config.LoadBalancerAutoConfiguration] is not eligible for getting processed by all BeanPostProcessors (for example: not eligible for auto-proxying). Is this bean getting eagerly injected into a currently created BeanPostProcessor [lbRestClientPostProcessor]? Check the corresponding BeanPostProcessor declaration and its dependencies.
2026-04-30T17:11:39.647+05:30  WARN 27620 --- [resource-allocation] [restartedMain] trationDelegate$BeanPostProcessorChecker : Bean 'org.springframework.cloud.commons.config.CommonsConfigAutoConfiguration' of type [org.springframework.cloud.commons.config.CommonsConfigAutoConfiguration] is not eligible for getting processed by all BeanPostProcessors (for example: not eligible for auto-proxying). Is this bean getting eagerly injected into a currently created BeanPostProcessor [lbRestClientPostProcessor]? Check the corresponding BeanPostProcessor declaration and its dependencies.
2026-04-30T17:11:39.660+05:30  WARN 27620 --- [resource-allocation] [restartedMain] trationDelegate$BeanPostProcessorChecker : Bean 'org.springframework.cloud.client.loadbalancer.LoadBalancerDefaultMappingsProviderAutoConfiguration' of type [org.springframework.cloud.client.loadbalancer.LoadBalancerDefaultMappingsProviderAutoConfiguration] is not eligible for getting processed by all BeanPostProcessors (for example: not eligible for auto-proxying). Is this bean getting eagerly injected into a currently created BeanPostProcessor [lbRestClientPostProcessor]? Check the corresponding BeanPostProcessor declaration and its dependencies.
2026-04-30T17:11:39.681+05:30  WARN 27620 --- [resource-allocation] [restartedMain] trationDelegate$BeanPostProcessorChecker : Bean 'loadBalancerClientsDefaultsMappingsProvider' of type [org.springframework.cloud.client.loadbalancer.LoadBalancerDefaultMappingsProviderAutoConfiguration$$Lambda/0x000001b801503200] is not eligible for getting processed by all BeanPostProcessors (for example: not eligible for auto-proxying). Is this bean getting eagerly injected into a currently created BeanPostProcessor [lbRestClientPostProcessor]? Check the corresponding BeanPostProcessor declaration and its dependencies.
2026-04-30T17:11:39.708+05:30  WARN 27620 --- [resource-allocation] [restartedMain] trationDelegate$BeanPostProcessorChecker : Bean 'defaultsBindHandlerAdvisor' of type [org.springframework.cloud.commons.config.DefaultsBindHandlerAdvisor] is not eligible for getting processed by all BeanPostProcessors (for example: not eligible for auto-proxying). Is this bean getting eagerly injected into a currently created BeanPostProcessor [lbRestClientPostProcessor]? Check the corresponding BeanPostProcessor declaration and its dependencies.
2026-04-30T17:11:39.781+05:30  WARN 27620 --- [resource-allocation] [restartedMain] trationDelegate$BeanPostProcessorChecker : Bean 'spring.cloud.loadbalancer-org.springframework.cloud.client.loadbalancer.LoadBalancerClientsProperties' of type [org.springframework.cloud.client.loadbalancer.LoadBalancerClientsProperties] is not eligible for getting processed by all BeanPostProcessors (for example: not eligible for auto-proxying). Is this bean getting eagerly injected into a currently created BeanPostProcessor [lbRestClientPostProcessor]? Check the corresponding BeanPostProcessor declaration and its dependencies.
2026-04-30T17:11:39.847+05:30  WARN 27620 --- [resource-allocation] [restartedMain] trationDelegate$BeanPostProcessorChecker : Bean 'default.org.springframework.cloud.loadbalancer.config.LoadBalancerAutoConfiguration.LoadBalancerClientSpecification' of type [org.springframework.cloud.loadbalancer.annotation.LoadBalancerClientSpecification] is not eligible for getting processed by all BeanPostProcessors (for example: not eligible for auto-proxying). Is this bean getting eagerly injected into a currently created BeanPostProcessor [lbRestClientPostProcessor]? Check the corresponding BeanPostProcessor declaration and its dependencies.
2026-04-30T17:11:39.859+05:30  WARN 27620 --- [resource-allocation] [restartedMain] trationDelegate$BeanPostProcessorChecker : Bean 'default.org.springframework.cloud.loadbalancer.config.BlockingLoadBalancerClientAutoConfiguration.LoadBalancerClientSpecification' of type [org.springframework.cloud.loadbalancer.annotation.LoadBalancerClientSpecification] is not eligible for getting processed by all BeanPostProcessors (for example: not eligible for auto-proxying). Is this bean getting eagerly injected into a currently created BeanPostProcessor [lbRestClientPostProcessor]? Check the corresponding BeanPostProcessor declaration and its dependencies.
2026-04-30T17:11:39.859+05:30  WARN 27620 --- [resource-allocation] [restartedMain] trationDelegate$BeanPostProcessorChecker : Bean 'default.org.springframework.cloud.netflix.eureka.loadbalancer.LoadBalancerEurekaAutoConfiguration.LoadBalancerClientSpecification' of type [org.springframework.cloud.loadbalancer.annotation.LoadBalancerClientSpecification] is not eligible for getting processed by all BeanPostProcessors (for example: not eligible for auto-proxying). Is this bean getting eagerly injected into a currently created BeanPostProcessor [lbRestClientPostProcessor]? Check the corresponding BeanPostProcessor declaration and its dependencies.
2026-04-30T17:11:39.881+05:30  WARN 27620 --- [resource-allocation] [restartedMain] trationDelegate$BeanPostProcessorChecker : Bean 'loadBalancerClientFactory' of type [org.springframework.cloud.loadbalancer.support.LoadBalancerClientFactory] is not eligible for getting processed by all BeanPostProcessors (for example: not eligible for auto-proxying). Is this bean getting eagerly injected into a currently created BeanPostProcessor [lbRestClientPostProcessor]? Check the corresponding BeanPostProcessor declaration and its dependencies.
2026-04-30T17:11:39.946+05:30  WARN 27620 --- [resource-allocation] [restartedMain] trationDelegate$BeanPostProcessorChecker : Bean 'blockingLoadBalancerClient' of type [org.springframework.cloud.loadbalancer.blocking.client.BlockingLoadBalancerClient] is not eligible for getting processed by all BeanPostProcessors (for example: not eligible for auto-proxying). Is this bean getting eagerly injected into a currently created BeanPostProcessor [lbRestClientPostProcessor]? Check the corresponding BeanPostProcessor declaration and its dependencies.
2026-04-30T17:11:39.997+05:30  WARN 27620 --- [resource-allocation] [restartedMain] trationDelegate$BeanPostProcessorChecker : Bean 'loadBalancerServiceInstanceCookieTransformer' of type [org.springframework.cloud.loadbalancer.core.LoadBalancerServiceInstanceCookieTransformer] is not eligible for getting processed by all BeanPostProcessors (for example: not eligible for auto-proxying). Is this bean getting eagerly injected into a currently created BeanPostProcessor [lbRestClientPostProcessor]? Check the corresponding BeanPostProcessor declaration and its dependencies.
2026-04-30T17:11:40.023+05:30  WARN 27620 --- [resource-allocation] [restartedMain] trationDelegate$BeanPostProcessorChecker : Bean 'xForwarderHeadersTransformer' of type [org.springframework.cloud.loadbalancer.blocking.XForwardedHeadersTransformer] is not eligible for getting processed by all BeanPostProcessors (for example: not eligible for auto-proxying). Is this bean getting eagerly injected into a currently created BeanPostProcessor [lbRestClientPostProcessor]? Check the corresponding BeanPostProcessor declaration and its dependencies.
2026-04-30T17:11:40.037+05:30  WARN 27620 --- [resource-allocation] [restartedMain] trationDelegate$BeanPostProcessorChecker : Bean 'org.springframework.cloud.client.loadbalancer.LoadBalancerAutoConfiguration' of type [org.springframework.cloud.client.loadbalancer.LoadBalancerAutoConfiguration] is not eligible for getting processed by all BeanPostProcessors (for example: not eligible for auto-proxying). Is this bean getting eagerly injected into a currently created BeanPostProcessor [lbRestClientPostProcessor]? Check the corresponding BeanPostProcessor declaration and its dependencies.
2026-04-30T17:11:40.059+05:30  WARN 27620 --- [resource-allocation] [restartedMain] trationDelegate$BeanPostProcessorChecker : Bean 'loadBalancerRequestFactory' of type [org.springframework.cloud.client.loadbalancer.LoadBalancerRequestFactory] is not eligible for getting processed by all BeanPostProcessors (for example: not eligible for auto-proxying). Is this bean getting eagerly injected into a currently created BeanPostProcessor [lbRestClientPostProcessor]? Check the corresponding BeanPostProcessor declaration and its dependencies.
2026-04-30T17:11:40.075+05:30  WARN 27620 --- [resource-allocation] [restartedMain] trationDelegate$BeanPostProcessorChecker : Bean 'loadBalancerInterceptor' of type [org.springframework.cloud.client.loadbalancer.LoadBalancerInterceptor] is not eligible for getting processed by all BeanPostProcessors (for example: not eligible for auto-proxying). Is this bean getting eagerly injected into a currently created BeanPostProcessor [lbRestClientPostProcessor]? Check the corresponding BeanPostProcessor declaration and its dependencies.
2026-04-30T17:11:42.607+05:30  INFO 27620 --- [resource-allocation] [restartedMain] o.s.b.w.embedded.tomcat.TomcatWebServer  : Tomcat initialized with port 8081 (http)
2026-04-30T17:11:42.642+05:30  INFO 27620 --- [resource-allocation] [restartedMain] o.apache.catalina.core.StandardService   : Starting service [Tomcat]
2026-04-30T17:11:42.643+05:30  INFO 27620 --- [resource-allocation] [restartedMain] o.apache.catalina.core.StandardEngine    : Starting Servlet engine: [Apache Tomcat/10.1.20]
2026-04-30T17:11:42.845+05:30  INFO 27620 --- [resource-allocation] [restartedMain] o.a.c.c.C.[Tomcat].[localhost].[/]       : Initializing Spring embedded WebApplicationContext
2026-04-30T17:11:42.846+05:30  INFO 27620 --- [resource-allocation] [restartedMain] w.s.c.ServletWebServerApplicationContext : Root WebApplicationContext: initialization completed in 20008 ms
2026-04-30T17:11:44.697+05:30  INFO 27620 --- [resource-allocation] [restartedMain] o.hibernate.jpa.internal.util.LogHelper  : HHH000204: Processing PersistenceUnitInfo [name: default]
2026-04-30T17:11:44.957+05:30  INFO 27620 --- [resource-allocation] [restartedMain] org.hibernate.Version                    : HHH000412: Hibernate ORM core version 6.4.4.Final
2026-04-30T17:11:45.054+05:30  INFO 27620 --- [resource-allocation] [restartedMain] o.h.c.internal.RegionFactoryInitiator    : HHH000026: Second-level cache disabled
2026-04-30T17:11:45.663+05:30  INFO 27620 --- [resource-allocation] [restartedMain] o.s.o.j.p.SpringPersistenceUnitInfo      : No LoadTimeWeaver setup: ignoring JPA class transformer
2026-04-30T17:11:45.706+05:30  INFO 27620 --- [resource-allocation] [restartedMain] com.zaxxer.hikari.HikariDataSource       : HikariPool-1 - Starting...
2026-04-30T17:11:45.913+05:30  INFO 27620 --- [resource-allocation] [restartedMain] com.zaxxer.hikari.pool.HikariPool        : HikariPool-1 - Added connection com.mysql.cj.jdbc.ConnectionImpl@7657e925
2026-04-30T17:11:45.914+05:30  INFO 27620 --- [resource-allocation] [restartedMain] com.zaxxer.hikari.HikariDataSource       : HikariPool-1 - Start completed.
2026-04-30T17:11:47.100+05:30  INFO 27620 --- [resource-allocation] [restartedMain] o.h.e.t.j.p.i.JtaPlatformInitiator       : HHH000489: No JTA platform available (set 'hibernate.transaction.jta.platform' to enable JTA platform integration)
2026-04-30T17:11:47.138+05:30 DEBUG 27620 --- [resource-allocation] [restartedMain] org.hibernate.SQL                        : 
    create table allocation (
        allocation_id varchar(255) not null,
        assigned_date date,
        project_id varchar(255) not null,
        released_date date,
        status varchar(255),
        resource_id varchar(255) not null,
        primary key (allocation_id)
    ) engine=InnoDB
2026-04-30T17:11:47.175+05:30 DEBUG 27620 --- [resource-allocation] [restartedMain] org.hibernate.SQL                        : 
    create table notification (
        notification_id varchar(255) not null,
        created_date date not null,
        message varchar(500) not null,
        project_id varchar(255) not null,
        status varchar(255) not null,
        user_id varchar(255) not null,
        primary key (notification_id)
    ) engine=InnoDB
2026-04-30T17:11:47.200+05:30 DEBUG 27620 --- [resource-allocation] [restartedMain] org.hibernate.SQL                        : 
    create table resource (
        resource_id varchar(255) not null,
        availability varchar(255),
        cost_per_hour float(53),
        equipment_level varchar(255),
        equipment_name varchar(255),
        number_of_labors integer,
        skill_level varchar(255),
        total_cost float(53),
        type varchar(255) not null,
        primary key (resource_id)
    ) engine=InnoDB
2026-04-30T17:11:47.226+05:30 DEBUG 27620 --- [resource-allocation] [restartedMain] org.hibernate.SQL                        : 
    alter table allocation 
       add constraint FKpv0s40xfkxpg6ctln3nj80wkb 
       foreign key (resource_id) 
       references resource (resource_id)
2026-04-30T17:11:47.315+05:30  INFO 27620 --- [resource-allocation] [restartedMain] j.LocalContainerEntityManagerFactoryBean : Initialized JPA EntityManagerFactory for persistence unit 'default'
2026-04-30T17:11:47.944+05:30  INFO 27620 --- [resource-allocation] [restartedMain] o.s.d.j.r.query.QueryEnhancerFactory     : Hibernate is in classpath; If applicable, HQL parser will be used.
2026-04-30T17:11:49.351+05:30  WARN 27620 --- [resource-allocation] [restartedMain] JpaBaseConfiguration$JpaWebConfiguration : spring.jpa.open-in-view is enabled by default. Therefore, database queries may be performed during view rendering. Explicitly configure spring.jpa.open-in-view to disable this warning
2026-04-30T17:11:49.474+05:30  INFO 27620 --- [resource-allocation] [restartedMain] o.s.b.d.a.OptionalLiveReloadServer       : LiveReload server is running on port 35729
2026-04-30T17:11:50.286+05:30  WARN 27620 --- [resource-allocation] [restartedMain] .s.s.UserDetailsServiceAutoConfiguration : 

Using generated security password: 91a9736d-0374-43de-866c-31ef78b6a936

This generated password is for development use only. Your security configuration must be updated before running your application in production.

2026-04-30T17:11:51.215+05:30  INFO 27620 --- [resource-allocation] [restartedMain] o.s.b.a.e.web.EndpointLinksResolver      : Exposing 1 endpoint(s) beneath base path '/actuator'
2026-04-30T17:11:51.382+05:30  INFO 27620 --- [resource-allocation] [restartedMain] o.s.s.web.DefaultSecurityFilterChain     : Will secure any request with [org.springframework.security.web.session.DisableEncodeUrlFilter@570b0745, org.springframework.security.web.context.request.async.WebAsyncManagerIntegrationFilter@1ce4ac06, org.springframework.security.web.context.SecurityContextHolderFilter@263fbf36, org.springframework.security.web.header.HeaderWriterFilter@79fc6706, org.springframework.web.filter.CorsFilter@6ddb8ad5, org.springframework.security.web.authentication.logout.LogoutFilter@4925511b, com.buildsmart.resource_allocation.security.JwtAuthenticationFilter@765d0e17, org.springframework.security.web.savedrequest.RequestCacheAwareFilter@3ad42b57, org.springframework.security.web.servletapi.SecurityContextHolderAwareRequestFilter@54a8ee33, org.springframework.security.web.authentication.AnonymousAuthenticationFilter@343aa30d, org.springframework.security.web.session.SessionManagementFilter@4afd69e2, org.springframework.security.web.access.ExceptionTranslationFilter@5cfc280e, org.springframework.security.web.access.intercept.AuthorizationFilter@7376408c]
2026-04-30T17:11:52.386+05:30  INFO 27620 --- [resource-allocation] [restartedMain] DiscoveryClientOptionalArgsConfiguration : Eureka HTTP Client uses RestTemplate.
2026-04-30T17:11:52.442+05:30  WARN 27620 --- [resource-allocation] [restartedMain] iguration$LoadBalancerCaffeineWarnLogger : Spring Cloud LoadBalancer is currently working with the default cache. While this cache implementation is useful for development and tests, it's recommended to use Caffeine cache in production.You can switch to using Caffeine cache, by adding it and org.springframework.cache.caffeine.CaffeineCacheManager to the classpath.
2026-04-30T17:11:52.514+05:30  INFO 27620 --- [resource-allocation] [restartedMain] o.s.c.n.eureka.InstanceInfoFactory       : Setting initial instance status as: STARTING
2026-04-30T17:11:52.644+05:30  INFO 27620 --- [resource-allocation] [restartedMain] com.netflix.discovery.DiscoveryClient    : Initializing Eureka in region us-east-1
2026-04-30T17:11:52.655+05:30  INFO 27620 --- [resource-allocation] [restartedMain] c.n.d.s.r.aws.ConfigClusterResolver      : Resolving eureka endpoints via configuration
2026-04-30T17:11:52.679+05:30  INFO 27620 --- [resource-allocation] [restartedMain] com.netflix.discovery.DiscoveryClient    : Disable delta property : false
2026-04-30T17:11:52.680+05:30  INFO 27620 --- [resource-allocation] [restartedMain] com.netflix.discovery.DiscoveryClient    : Single vip registry refresh property : null
2026-04-30T17:11:52.680+05:30  INFO 27620 --- [resource-allocation] [restartedMain] com.netflix.discovery.DiscoveryClient    : Force full registry fetch : false
2026-04-30T17:11:52.680+05:30  INFO 27620 --- [resource-allocation] [restartedMain] com.netflix.discovery.DiscoveryClient    : Application is null : false
2026-04-30T17:11:52.680+05:30  INFO 27620 --- [resource-allocation] [restartedMain] com.netflix.discovery.DiscoveryClient    : Registered Applications size is zero : true
2026-04-30T17:11:52.680+05:30  INFO 27620 --- [resource-allocation] [restartedMain] com.netflix.discovery.DiscoveryClient    : Application version is -1: true
2026-04-30T17:11:52.680+05:30  INFO 27620 --- [resource-allocation] [restartedMain] com.netflix.discovery.DiscoveryClient    : Getting all instance registry info from the eureka server
2026-04-30T17:11:53.085+05:30  INFO 27620 --- [resource-allocation] [restartedMain] com.netflix.discovery.DiscoveryClient    : The response status is 200
2026-04-30T17:11:53.087+05:30  INFO 27620 --- [resource-allocation] [restartedMain] com.netflix.discovery.DiscoveryClient    : Starting heartbeat executor: renew interval is: 30
2026-04-30T17:11:53.089+05:30  INFO 27620 --- [resource-allocation] [restartedMain] c.n.discovery.InstanceInfoReplicator     : InstanceInfoReplicator onDemand update allowed rate per min is 4
2026-04-30T17:11:53.093+05:30  INFO 27620 --- [resource-allocation] [restartedMain] com.netflix.discovery.DiscoveryClient    : Discovery Client initialized at timestamp 1777549313093 with initial instances count: 3
2026-04-30T17:11:53.106+05:30  INFO 27620 --- [resource-allocation] [restartedMain] o.s.c.n.e.s.EurekaServiceRegistry        : Registering application RESOURCE-ALLOCATION with eureka with status UP
2026-04-30T17:11:53.107+05:30  INFO 27620 --- [resource-allocation] [restartedMain] com.netflix.discovery.DiscoveryClient    : Saw local status change event StatusChangeEvent [timestamp=1777549313107, current=UP, previous=STARTING]
2026-04-30T17:11:53.110+05:30  INFO 27620 --- [resource-allocation] [DiscoveryClient-InstanceInfoReplicator-0] com.netflix.discovery.DiscoveryClient    : DiscoveryClient_RESOURCE-ALLOCATION/resource-allocation:10.187.138.222:8081: registering service...
2026-04-30T17:11:53.119+05:30  INFO 27620 --- [resource-allocation] [restartedMain] o.s.c.n.e.s.EurekaServiceRegistry        : Unregistering application RESOURCE-ALLOCATION with eureka with status DOWN
2026-04-30T17:11:53.119+05:30  INFO 27620 --- [resource-allocation] [restartedMain] com.netflix.discovery.DiscoveryClient    : Saw local status change event StatusChangeEvent [timestamp=1777549313119, current=DOWN, previous=UP]
2026-04-30T17:11:53.120+05:30  WARN 27620 --- [resource-allocation] [restartedMain] ConfigServletWebServerApplicationContext : Exception encountered during context initialization - cancelling refresh attempt: org.springframework.context.ApplicationContextException: Failed to start bean 'webServerStartStop'
2026-04-30T17:11:53.128+05:30  INFO 27620 --- [resource-allocation] [restartedMain] j.LocalContainerEntityManagerFactoryBean : Closing JPA EntityManagerFactory for persistence unit 'default'
2026-04-30T17:11:53.135+05:30  INFO 27620 --- [resource-allocation] [restartedMain] com.zaxxer.hikari.HikariDataSource       : HikariPool-1 - Shutdown initiated...
2026-04-30T17:11:53.144+05:30  INFO 27620 --- [resource-allocation] [restartedMain] com.zaxxer.hikari.HikariDataSource       : HikariPool-1 - Shutdown completed.
2026-04-30T17:11:53.146+05:30  INFO 27620 --- [resource-allocation] [restartedMain] com.netflix.discovery.DiscoveryClient    : Shutting down DiscoveryClient ...
2026-04-30T17:11:53.170+05:30  INFO 27620 --- [resource-allocation] [DiscoveryClient-InstanceInfoReplicator-0] com.netflix.discovery.DiscoveryClient    : DiscoveryClient_RESOURCE-ALLOCATION/resource-allocation:10.187.138.222:8081 - registration status: 204
2026-04-30T17:11:53.171+05:30  INFO 27620 --- [resource-allocation] [DiscoveryClient-InstanceInfoReplicator-0] com.netflix.discovery.DiscoveryClient    : DiscoveryClient_RESOURCE-ALLOCATION/resource-allocation:10.187.138.222:8081: registering service...
2026-04-30T17:11:53.176+05:30  INFO 27620 --- [resource-allocation] [DiscoveryClient-InstanceInfoReplicator-0] com.netflix.discovery.DiscoveryClient    : DiscoveryClient_RESOURCE-ALLOCATION/resource-allocation:10.187.138.222:8081 - registration status: 204
2026-04-30T17:11:53.178+05:30  INFO 27620 --- [resource-allocation] [restartedMain] com.netflix.discovery.DiscoveryClient    : Unregistering ...
2026-04-30T17:11:53.185+05:30  INFO 27620 --- [resource-allocation] [restartedMain] com.netflix.discovery.DiscoveryClient    : DiscoveryClient_RESOURCE-ALLOCATION/resource-allocation:10.187.138.222:8081 - deregister  status: 200
2026-04-30T17:11:53.188+05:30  INFO 27620 --- [resource-allocation] [restartedMain] com.netflix.discovery.DiscoveryClient    : Completed shut down of DiscoveryClient
2026-04-30T17:11:53.209+05:30  INFO 27620 --- [resource-allocation] [restartedMain] .s.b.a.l.ConditionEvaluationReportLogger : 

Error starting ApplicationContext. To display the condition evaluation report re-run your application with 'debug' enabled.
2026-04-30T17:11:53.236+05:30 ERROR 27620 --- [resource-allocation] [restartedMain] o.s.b.d.LoggingFailureAnalysisReporter   : 

***************************
APPLICATION FAILED TO START
***************************

Description:

Web server failed to start. Port 8081 was already in use.

Action:

Identify and stop the process that's listening on port 8081 or configure this application to listen on another port.

2026-04-30T17:12:55.886+05:30  INFO 25964 --- [resource-allocation] [restartedMain] c.b.r.ResourceAllocationApplication      : Starting ResourceAllocationApplication using Java 21.0.2 with PID 25964 (C:\Users\2479797\Desktop\BuildSmartMicroservices\resource-allocation\resource-allocation\target\classes started by 2479797 in C:\Users\2479797\Desktop\BuildSmartMicroservices)
2026-04-30T17:12:55.890+05:30  INFO 25964 --- [resource-allocation] [restartedMain] c.b.r.ResourceAllocationApplication      : No active profile set, falling back to 1 default profile: "default"
2026-04-30T17:12:56.005+05:30  INFO 25964 --- [resource-allocation] [restartedMain] .e.DevToolsPropertyDefaultsPostProcessor : Devtools property defaults active! Set 'spring.devtools.add-properties' to 'false' to disable
2026-04-30T17:12:56.005+05:30  INFO 25964 --- [resource-allocation] [restartedMain] .e.DevToolsPropertyDefaultsPostProcessor : For additional web related logging consider setting the 'logging.level.web' property to 'DEBUG'
2026-04-30T17:12:58.046+05:30  INFO 25964 --- [resource-allocation] [restartedMain] .s.d.r.c.RepositoryConfigurationDelegate : Bootstrapping Spring Data JPA repositories in DEFAULT mode.
2026-04-30T17:12:58.236+05:30  INFO 25964 --- [resource-allocation] [restartedMain] .s.d.r.c.RepositoryConfigurationDelegate : Finished Spring Data repository scanning in 183 ms. Found 3 JPA repository interfaces.
2026-04-30T17:12:58.821+05:30  INFO 25964 --- [resource-allocation] [restartedMain] o.s.cloud.context.scope.GenericScope     : BeanFactory id=f49bb376-4d54-3183-932e-092e53173605
2026-04-30T17:12:59.508+05:30  WARN 25964 --- [resource-allocation] [restartedMain] trationDelegate$BeanPostProcessorChecker : Bean 'org.springframework.cloud.client.loadbalancer.LoadBalancerAutoConfiguration$LoadBalancerInterceptorConfig' of type [org.springframework.cloud.client.loadbalancer.LoadBalancerAutoConfiguration$LoadBalancerInterceptorConfig] is not eligible for getting processed by all BeanPostProcessors (for example: not eligible for auto-proxying). The currently created BeanPostProcessor [lbRestClientPostProcessor] is declared through a non-static factory method on that class; consider declaring it as static instead.
2026-04-30T17:12:59.515+05:30  WARN 25964 --- [resource-allocation] [restartedMain] trationDelegate$BeanPostProcessorChecker : Bean 'org.springframework.cloud.loadbalancer.config.BlockingLoadBalancerClientAutoConfiguration' of type [org.springframework.cloud.loadbalancer.config.BlockingLoadBalancerClientAutoConfiguration] is not eligible for getting processed by all BeanPostProcessors (for example: not eligible for auto-proxying). Is this bean getting eagerly injected into a currently created BeanPostProcessor [lbRestClientPostProcessor]? Check the corresponding BeanPostProcessor declaration and its dependencies.
2026-04-30T17:12:59.520+05:30  WARN 25964 --- [resource-allocation] [restartedMain] trationDelegate$BeanPostProcessorChecker : Bean 'org.springframework.cloud.loadbalancer.config.LoadBalancerAutoConfiguration' of type [org.springframework.cloud.loadbalancer.config.LoadBalancerAutoConfiguration] is not eligible for getting processed by all BeanPostProcessors (for example: not eligible for auto-proxying). Is this bean getting eagerly injected into a currently created BeanPostProcessor [lbRestClientPostProcessor]? Check the corresponding BeanPostProcessor declaration and its dependencies.
2026-04-30T17:12:59.550+05:30  WARN 25964 --- [resource-allocation] [restartedMain] trationDelegate$BeanPostProcessorChecker : Bean 'org.springframework.cloud.commons.config.CommonsConfigAutoConfiguration' of type [org.springframework.cloud.commons.config.CommonsConfigAutoConfiguration] is not eligible for getting processed by all BeanPostProcessors (for example: not eligible for auto-proxying). Is this bean getting eagerly injected into a currently created BeanPostProcessor [lbRestClientPostProcessor]? Check the corresponding BeanPostProcessor declaration and its dependencies.
2026-04-30T17:12:59.557+05:30  WARN 25964 --- [resource-allocation] [restartedMain] trationDelegate$BeanPostProcessorChecker : Bean 'org.springframework.cloud.client.loadbalancer.LoadBalancerDefaultMappingsProviderAutoConfiguration' of type [org.springframework.cloud.client.loadbalancer.LoadBalancerDefaultMappingsProviderAutoConfiguration] is not eligible for getting processed by all BeanPostProcessors (for example: not eligible for auto-proxying). Is this bean getting eagerly injected into a currently created BeanPostProcessor [lbRestClientPostProcessor]? Check the corresponding BeanPostProcessor declaration and its dependencies.
2026-04-30T17:12:59.563+05:30  WARN 25964 --- [resource-allocation] [restartedMain] trationDelegate$BeanPostProcessorChecker : Bean 'loadBalancerClientsDefaultsMappingsProvider' of type [org.springframework.cloud.client.loadbalancer.LoadBalancerDefaultMappingsProviderAutoConfiguration$$Lambda/0x000002672e501358] is not eligible for getting processed by all BeanPostProcessors (for example: not eligible for auto-proxying). Is this bean getting eagerly injected into a currently created BeanPostProcessor [lbRestClientPostProcessor]? Check the corresponding BeanPostProcessor declaration and its dependencies.
2026-04-30T17:12:59.573+05:30  WARN 25964 --- [resource-allocation] [restartedMain] trationDelegate$BeanPostProcessorChecker : Bean 'defaultsBindHandlerAdvisor' of type [org.springframework.cloud.commons.config.DefaultsBindHandlerAdvisor] is not eligible for getting processed by all BeanPostProcessors (for example: not eligible for auto-proxying). Is this bean getting eagerly injected into a currently created BeanPostProcessor [lbRestClientPostProcessor]? Check the corresponding BeanPostProcessor declaration and its dependencies.
2026-04-30T17:12:59.592+05:30  WARN 25964 --- [resource-allocation] [restartedMain] trationDelegate$BeanPostProcessorChecker : Bean 'spring.cloud.loadbalancer-org.springframework.cloud.client.loadbalancer.LoadBalancerClientsProperties' of type [org.springframework.cloud.client.loadbalancer.LoadBalancerClientsProperties] is not eligible for getting processed by all BeanPostProcessors (for example: not eligible for auto-proxying). Is this bean getting eagerly injected into a currently created BeanPostProcessor [lbRestClientPostProcessor]? Check the corresponding BeanPostProcessor declaration and its dependencies.
2026-04-30T17:12:59.607+05:30  WARN 25964 --- [resource-allocation] [restartedMain] trationDelegate$BeanPostProcessorChecker : Bean 'default.org.springframework.cloud.loadbalancer.config.LoadBalancerAutoConfiguration.LoadBalancerClientSpecification' of type [org.springframework.cloud.loadbalancer.annotation.LoadBalancerClientSpecification] is not eligible for getting processed by all BeanPostProcessors (for example: not eligible for auto-proxying). Is this bean getting eagerly injected into a currently created BeanPostProcessor [lbRestClientPostProcessor]? Check the corresponding BeanPostProcessor declaration and its dependencies.
2026-04-30T17:12:59.612+05:30  WARN 25964 --- [resource-allocation] [restartedMain] trationDelegate$BeanPostProcessorChecker : Bean 'default.org.springframework.cloud.loadbalancer.config.BlockingLoadBalancerClientAutoConfiguration.LoadBalancerClientSpecification' of type [org.springframework.cloud.loadbalancer.annotation.LoadBalancerClientSpecification] is not eligible for getting processed by all BeanPostProcessors (for example: not eligible for auto-proxying). Is this bean getting eagerly injected into a currently created BeanPostProcessor [lbRestClientPostProcessor]? Check the corresponding BeanPostProcessor declaration and its dependencies.
2026-04-30T17:12:59.613+05:30  WARN 25964 --- [resource-allocation] [restartedMain] trationDelegate$BeanPostProcessorChecker : Bean 'default.org.springframework.cloud.netflix.eureka.loadbalancer.LoadBalancerEurekaAutoConfiguration.LoadBalancerClientSpecification' of type [org.springframework.cloud.loadbalancer.annotation.LoadBalancerClientSpecification] is not eligible for getting processed by all BeanPostProcessors (for example: not eligible for auto-proxying). Is this bean getting eagerly injected into a currently created BeanPostProcessor [lbRestClientPostProcessor]? Check the corresponding BeanPostProcessor declaration and its dependencies.
2026-04-30T17:12:59.615+05:30  WARN 25964 --- [resource-allocation] [restartedMain] trationDelegate$BeanPostProcessorChecker : Bean 'loadBalancerClientFactory' of type [org.springframework.cloud.loadbalancer.support.LoadBalancerClientFactory] is not eligible for getting processed by all BeanPostProcessors (for example: not eligible for auto-proxying). Is this bean getting eagerly injected into a currently created BeanPostProcessor [lbRestClientPostProcessor]? Check the corresponding BeanPostProcessor declaration and its dependencies.
2026-04-30T17:12:59.632+05:30  WARN 25964 --- [resource-allocation] [restartedMain] trationDelegate$BeanPostProcessorChecker : Bean 'blockingLoadBalancerClient' of type [org.springframework.cloud.loadbalancer.blocking.client.BlockingLoadBalancerClient] is not eligible for getting processed by all BeanPostProcessors (for example: not eligible for auto-proxying). Is this bean getting eagerly injected into a currently created BeanPostProcessor [lbRestClientPostProcessor]? Check the corresponding BeanPostProcessor declaration and its dependencies.
2026-04-30T17:12:59.649+05:30  WARN 25964 --- [resource-allocation] [restartedMain] trationDelegate$BeanPostProcessorChecker : Bean 'loadBalancerServiceInstanceCookieTransformer' of type [org.springframework.cloud.loadbalancer.core.LoadBalancerServiceInstanceCookieTransformer] is not eligible for getting processed by all BeanPostProcessors (for example: not eligible for auto-proxying). Is this bean getting eagerly injected into a currently created BeanPostProcessor [lbRestClientPostProcessor]? Check the corresponding BeanPostProcessor declaration and its dependencies.
2026-04-30T17:12:59.654+05:30  WARN 25964 --- [resource-allocation] [restartedMain] trationDelegate$BeanPostProcessorChecker : Bean 'xForwarderHeadersTransformer' of type [org.springframework.cloud.loadbalancer.blocking.XForwardedHeadersTransformer] is not eligible for getting processed by all BeanPostProcessors (for example: not eligible for auto-proxying). Is this bean getting eagerly injected into a currently created BeanPostProcessor [lbRestClientPostProcessor]? Check the corresponding BeanPostProcessor declaration and its dependencies.
2026-04-30T17:12:59.659+05:30  WARN 25964 --- [resource-allocation] [restartedMain] trationDelegate$BeanPostProcessorChecker : Bean 'org.springframework.cloud.client.loadbalancer.LoadBalancerAutoConfiguration' of type [org.springframework.cloud.client.loadbalancer.LoadBalancerAutoConfiguration] is not eligible for getting processed by all BeanPostProcessors (for example: not eligible for auto-proxying). Is this bean getting eagerly injected into a currently created BeanPostProcessor [lbRestClientPostProcessor]? Check the corresponding BeanPostProcessor declaration and its dependencies.
2026-04-30T17:12:59.665+05:30  WARN 25964 --- [resource-allocation] [restartedMain] trationDelegate$BeanPostProcessorChecker : Bean 'loadBalancerRequestFactory' of type [org.springframework.cloud.client.loadbalancer.LoadBalancerRequestFactory] is not eligible for getting processed by all BeanPostProcessors (for example: not eligible for auto-proxying). Is this bean getting eagerly injected into a currently created BeanPostProcessor [lbRestClientPostProcessor]? Check the corresponding BeanPostProcessor declaration and its dependencies.
2026-04-30T17:12:59.672+05:30  WARN 25964 --- [resource-allocation] [restartedMain] trationDelegate$BeanPostProcessorChecker : Bean 'loadBalancerInterceptor' of type [org.springframework.cloud.client.loadbalancer.LoadBalancerInterceptor] is not eligible for getting processed by all BeanPostProcessors (for example: not eligible for auto-proxying). Is this bean getting eagerly injected into a currently created BeanPostProcessor [lbRestClientPostProcessor]? Check the corresponding BeanPostProcessor declaration and its dependencies.
2026-04-30T17:13:00.480+05:30  INFO 25964 --- [resource-allocation] [restartedMain] o.s.b.w.embedded.tomcat.TomcatWebServer  : Tomcat initialized with port 9091 (http)
2026-04-30T17:13:00.509+05:30  INFO 25964 --- [resource-allocation] [restartedMain] o.apache.catalina.core.StandardService   : Starting service [Tomcat]
2026-04-30T17:13:00.510+05:30  INFO 25964 --- [resource-allocation] [restartedMain] o.apache.catalina.core.StandardEngine    : Starting Servlet engine: [Apache Tomcat/10.1.20]
2026-04-30T17:13:00.623+05:30  INFO 25964 --- [resource-allocation] [restartedMain] o.a.c.c.C.[Tomcat].[localhost].[/]       : Initializing Spring embedded WebApplicationContext
2026-04-30T17:13:00.623+05:30  INFO 25964 --- [resource-allocation] [restartedMain] w.s.c.ServletWebServerApplicationContext : Root WebApplicationContext: initialization completed in 4617 ms
2026-04-30T17:13:01.568+05:30  INFO 25964 --- [resource-allocation] [restartedMain] o.hibernate.jpa.internal.util.LogHelper  : HHH000204: Processing PersistenceUnitInfo [name: default]
2026-04-30T17:13:01.679+05:30  INFO 25964 --- [resource-allocation] [restartedMain] org.hibernate.Version                    : HHH000412: Hibernate ORM core version 6.4.4.Final
2026-04-30T17:13:01.741+05:30  INFO 25964 --- [resource-allocation] [restartedMain] o.h.c.internal.RegionFactoryInitiator    : HHH000026: Second-level cache disabled
2026-04-30T17:13:02.113+05:30  INFO 25964 --- [resource-allocation] [restartedMain] o.s.o.j.p.SpringPersistenceUnitInfo      : No LoadTimeWeaver setup: ignoring JPA class transformer
2026-04-30T17:13:02.164+05:30  INFO 25964 --- [resource-allocation] [restartedMain] com.zaxxer.hikari.HikariDataSource       : HikariPool-1 - Starting...
2026-04-30T17:13:02.302+05:30  INFO 25964 --- [resource-allocation] [restartedMain] com.zaxxer.hikari.pool.HikariPool        : HikariPool-1 - Added connection com.mysql.cj.jdbc.ConnectionImpl@5e67f875
2026-04-30T17:13:02.304+05:30  INFO 25964 --- [resource-allocation] [restartedMain] com.zaxxer.hikari.HikariDataSource       : HikariPool-1 - Start completed.
2026-04-30T17:13:03.306+05:30  INFO 25964 --- [resource-allocation] [restartedMain] o.h.e.t.j.p.i.JtaPlatformInitiator       : HHH000489: No JTA platform available (set 'hibernate.transaction.jta.platform' to enable JTA platform integration)
2026-04-30T17:13:03.399+05:30  INFO 25964 --- [resource-allocation] [restartedMain] j.LocalContainerEntityManagerFactoryBean : Initialized JPA EntityManagerFactory for persistence unit 'default'
2026-04-30T17:13:04.032+05:30  INFO 25964 --- [resource-allocation] [restartedMain] o.s.d.j.r.query.QueryEnhancerFactory     : Hibernate is in classpath; If applicable, HQL parser will be used.
2026-04-30T17:13:05.338+05:30  WARN 25964 --- [resource-allocation] [restartedMain] JpaBaseConfiguration$JpaWebConfiguration : spring.jpa.open-in-view is enabled by default. Therefore, database queries may be performed during view rendering. Explicitly configure spring.jpa.open-in-view to disable this warning
2026-04-30T17:13:05.452+05:30  INFO 25964 --- [resource-allocation] [restartedMain] o.s.b.d.a.OptionalLiveReloadServer       : LiveReload server is running on port 35729
2026-04-30T17:13:06.187+05:30  WARN 25964 --- [resource-allocation] [restartedMain] .s.s.UserDetailsServiceAutoConfiguration : 

Using generated security password: d073dcce-c716-48e9-8ad6-b72b04a0c609

This generated password is for development use only. Your security configuration must be updated before running your application in production.

2026-04-30T17:13:07.150+05:30  INFO 25964 --- [resource-allocation] [restartedMain] o.s.b.a.e.web.EndpointLinksResolver      : Exposing 1 endpoint(s) beneath base path '/actuator'
2026-04-30T17:13:07.273+05:30  INFO 25964 --- [resource-allocation] [restartedMain] o.s.s.web.DefaultSecurityFilterChain     : Will secure any request with [org.springframework.security.web.session.DisableEncodeUrlFilter@2f22c917, org.springframework.security.web.context.request.async.WebAsyncManagerIntegrationFilter@1f0c91aa, org.springframework.security.web.context.SecurityContextHolderFilter@39b18e4f, org.springframework.security.web.header.HeaderWriterFilter@b85ac03, org.springframework.web.filter.CorsFilter@64adda01, org.springframework.security.web.authentication.logout.LogoutFilter@68b8662e, com.buildsmart.resource_allocation.security.JwtAuthenticationFilter@7670606c, org.springframework.security.web.savedrequest.RequestCacheAwareFilter@5f7a1ec2, org.springframework.security.web.servletapi.SecurityContextHolderAwareRequestFilter@6155d420, org.springframework.security.web.authentication.AnonymousAuthenticationFilter@55a15062, org.springframework.security.web.session.SessionManagementFilter@53f57fa8, org.springframework.security.web.access.ExceptionTranslationFilter@682632d9, org.springframework.security.web.access.intercept.AuthorizationFilter@29dd6038]
2026-04-30T17:13:08.401+05:30  INFO 25964 --- [resource-allocation] [restartedMain] DiscoveryClientOptionalArgsConfiguration : Eureka HTTP Client uses RestTemplate.
2026-04-30T17:13:08.500+05:30  WARN 25964 --- [resource-allocation] [restartedMain] iguration$LoadBalancerCaffeineWarnLogger : Spring Cloud LoadBalancer is currently working with the default cache. While this cache implementation is useful for development and tests, it's recommended to use Caffeine cache in production.You can switch to using Caffeine cache, by adding it and org.springframework.cache.caffeine.CaffeineCacheManager to the classpath.
2026-04-30T17:13:08.581+05:30  INFO 25964 --- [resource-allocation] [restartedMain] o.s.c.n.eureka.InstanceInfoFactory       : Setting initial instance status as: STARTING
2026-04-30T17:13:08.731+05:30  INFO 25964 --- [resource-allocation] [restartedMain] com.netflix.discovery.DiscoveryClient    : Initializing Eureka in region us-east-1
2026-04-30T17:13:08.736+05:30  INFO 25964 --- [resource-allocation] [restartedMain] c.n.d.s.r.aws.ConfigClusterResolver      : Resolving eureka endpoints via configuration
2026-04-30T17:13:08.763+05:30  INFO 25964 --- [resource-allocation] [restartedMain] com.netflix.discovery.DiscoveryClient    : Disable delta property : false
2026-04-30T17:13:08.763+05:30  INFO 25964 --- [resource-allocation] [restartedMain] com.netflix.discovery.DiscoveryClient    : Single vip registry refresh property : null
2026-04-30T17:13:08.763+05:30  INFO 25964 --- [resource-allocation] [restartedMain] com.netflix.discovery.DiscoveryClient    : Force full registry fetch : false
2026-04-30T17:13:08.763+05:30  INFO 25964 --- [resource-allocation] [restartedMain] com.netflix.discovery.DiscoveryClient    : Application is null : false
2026-04-30T17:13:08.763+05:30  INFO 25964 --- [resource-allocation] [restartedMain] com.netflix.discovery.DiscoveryClient    : Registered Applications size is zero : true
2026-04-30T17:13:08.763+05:30  INFO 25964 --- [resource-allocation] [restartedMain] com.netflix.discovery.DiscoveryClient    : Application version is -1: true
2026-04-30T17:13:08.763+05:30  INFO 25964 --- [resource-allocation] [restartedMain] com.netflix.discovery.DiscoveryClient    : Getting all instance registry info from the eureka server
2026-04-30T17:13:09.228+05:30  INFO 25964 --- [resource-allocation] [restartedMain] com.netflix.discovery.DiscoveryClient    : The response status is 200
2026-04-30T17:13:09.230+05:30  INFO 25964 --- [resource-allocation] [restartedMain] com.netflix.discovery.DiscoveryClient    : Starting heartbeat executor: renew interval is: 30
2026-04-30T17:13:09.243+05:30  INFO 25964 --- [resource-allocation] [restartedMain] c.n.discovery.InstanceInfoReplicator     : InstanceInfoReplicator onDemand update allowed rate per min is 4
2026-04-30T17:13:09.249+05:30  INFO 25964 --- [resource-allocation] [restartedMain] com.netflix.discovery.DiscoveryClient    : Discovery Client initialized at timestamp 1777549389248 with initial instances count: 3
2026-04-30T17:13:09.263+05:30  INFO 25964 --- [resource-allocation] [restartedMain] o.s.c.n.e.s.EurekaServiceRegistry        : Registering application RESOURCE-ALLOCATION with eureka with status UP
2026-04-30T17:13:09.263+05:30  INFO 25964 --- [resource-allocation] [restartedMain] com.netflix.discovery.DiscoveryClient    : Saw local status change event StatusChangeEvent [timestamp=1777549389263, current=UP, previous=STARTING]
2026-04-30T17:13:09.265+05:30  INFO 25964 --- [resource-allocation] [DiscoveryClient-InstanceInfoReplicator-0] com.netflix.discovery.DiscoveryClient    : DiscoveryClient_RESOURCE-ALLOCATION/resource-allocation:10.187.138.222:9091: registering service...
2026-04-30T17:13:09.299+05:30  INFO 25964 --- [resource-allocation] [restartedMain] o.s.b.w.embedded.tomcat.TomcatWebServer  : Tomcat started on port 9091 (http) with context path ''
2026-04-30T17:13:09.300+05:30  INFO 25964 --- [resource-allocation] [restartedMain] .s.c.n.e.s.EurekaAutoServiceRegistration : Updating port to 9091
2026-04-30T17:13:09.321+05:30  INFO 25964 --- [resource-allocation] [DiscoveryClient-InstanceInfoReplicator-0] com.netflix.discovery.DiscoveryClient    : DiscoveryClient_RESOURCE-ALLOCATION/resource-allocation:10.187.138.222:9091 - registration status: 204
2026-04-30T17:13:09.333+05:30  INFO 25964 --- [resource-allocation] [restartedMain] c.b.r.ResourceAllocationApplication      : Started ResourceAllocationApplication in 14.172 seconds (process running for 15.099)
2026-04-30T17:18:08.779+05:30  INFO 25964 --- [resource-allocation] [AsyncResolver-bootstrap-executor-0] c.n.d.s.r.aws.ConfigClusterResolver      : Resolving eureka endpoints via configuration
2026-04-30T17:23:08.794+05:30  INFO 25964 --- [resource-allocation] [AsyncResolver-bootstrap-executor-0] c.n.d.s.r.aws.ConfigClusterResolver      : Resolving eureka endpoints via configuration
2026-04-30T17:28:08.810+05:30  INFO 25964 --- [resource-allocation] [AsyncResolver-bootstrap-executor-0] c.n.d.s.r.aws.ConfigClusterResolver      : Resolving eureka endpoints via configuration
2026-04-30T17:33:08.816+05:30  INFO 25964 --- [resource-allocation] [AsyncResolver-bootstrap-executor-0] c.n.d.s.r.aws.ConfigClusterResolver      : Resolving eureka endpoints via configuration
2026-04-30T17:38:08.822+05:30  INFO 25964 --- [resource-allocation] [AsyncResolver-bootstrap-executor-0] c.n.d.s.r.aws.ConfigClusterResolver      : Resolving eureka endpoints via configuration
2026-04-30T17:43:08.834+05:30  INFO 25964 --- [resource-allocation] [AsyncResolver-bootstrap-executor-0] c.n.d.s.r.aws.ConfigClusterResolver      : Resolving eureka endpoints via configuration
2026-04-30T17:48:08.838+05:30  INFO 25964 --- [resource-allocation] [AsyncResolver-bootstrap-executor-0] c.n.d.s.r.aws.ConfigClusterResolver      : Resolving eureka endpoints via configuration
2026-04-30T17:53:08.844+05:30  INFO 25964 --- [resource-allocation] [AsyncResolver-bootstrap-executor-0] c.n.d.s.r.aws.ConfigClusterResolver      : Resolving eureka endpoints via configuration
2026-04-30T17:58:08.853+05:30  INFO 25964 --- [resource-allocation] [AsyncResolver-bootstrap-executor-0] c.n.d.s.r.aws.ConfigClusterResolver      : Resolving eureka endpoints via configuration
2026-04-30T18:03:08.875+05:30  INFO 25964 --- [resource-allocation] [AsyncResolver-bootstrap-executor-0] c.n.d.s.r.aws.ConfigClusterResolver      : Resolving eureka endpoints via configuration
2026-04-30T18:08:08.878+05:30  INFO 25964 --- [resource-allocation] [AsyncResolver-bootstrap-executor-0] c.n.d.s.r.aws.ConfigClusterResolver      : Resolving eureka endpoints via configuration
2026-04-30T18:13:08.883+05:30  INFO 25964 --- [resource-allocation] [AsyncResolver-bootstrap-executor-0] c.n.d.s.r.aws.ConfigClusterResolver      : Resolving eureka endpoints via configuration
2026-04-30T18:18:08.895+05:30  INFO 25964 --- [resource-allocation] [AsyncResolver-bootstrap-executor-0] c.n.d.s.r.aws.ConfigClusterResolver      : Resolving eureka endpoints via configuration
2026-04-30T18:23:08.906+05:30  INFO 25964 --- [resource-allocation] [AsyncResolver-bootstrap-executor-0] c.n.d.s.r.aws.ConfigClusterResolver      : Resolving eureka endpoints via configuration
2026-04-30T18:28:08.926+05:30  INFO 25964 --- [resource-allocation] [AsyncResolver-bootstrap-executor-0] c.n.d.s.r.aws.ConfigClusterResolver      : Resolving eureka endpoints via configuration
2026-04-30T18:33:08.937+05:30  INFO 25964 --- [resource-allocation] [AsyncResolver-bootstrap-executor-0] c.n.d.s.r.aws.ConfigClusterResolver      : Resolving eureka endpoints via configuration
