2026-04-30T17:27:14.995+05:30  INFO [vendor-service,,] 15320 --- [vendor-service] [main] .b.v.VendorContractManagementApplication : Starting VendorContractManagementApplication using Java 21.0.2 with PID 15320 (C:\Users\2479797\Desktop\BuildSmartMicroservices\vendor-contract-management-master\target\classes started by 2479797 in C:\Users\2479797\Desktop\BuildSmartMicroservices)
2026-04-30T17:27:14.999+05:30 DEBUG [vendor-service,,] 15320 --- [vendor-service] [main] .b.v.VendorContractManagementApplication : Running with Spring Boot v3.3.3, Spring v6.1.12
2026-04-30T17:27:15.000+05:30  INFO [vendor-service,,] 15320 --- [vendor-service] [main] .b.v.VendorContractManagementApplication : No active profile set, falling back to 1 default profile: "default"
2026-04-30T17:27:17.282+05:30  INFO [vendor-service,,] 15320 --- [vendor-service] [main] .s.d.r.c.RepositoryConfigurationDelegate : Bootstrapping Spring Data JPA repositories in DEFAULT mode.
2026-04-30T17:27:17.566+05:30  INFO [vendor-service,,] 15320 --- [vendor-service] [main] .s.d.r.c.RepositoryConfigurationDelegate : Finished Spring Data repository scanning in 267 ms. Found 7 JPA repository interfaces.
2026-04-30T17:27:18.181+05:30  INFO [vendor-service,,] 15320 --- [vendor-service] [main] o.s.cloud.context.scope.GenericScope     : BeanFactory id=67d251f9-fec1-3440-b8b1-0ffe2979ae12
2026-04-30T17:27:18.970+05:30  WARN [vendor-service,,] 15320 --- [vendor-service] [main] trationDelegate$BeanPostProcessorChecker : Bean 'org.springframework.cloud.client.loadbalancer.LoadBalancerAutoConfiguration$DeferringLoadBalancerInterceptorConfig' of type [org.springframework.cloud.client.loadbalancer.LoadBalancerAutoConfiguration$DeferringLoadBalancerInterceptorConfig] is not eligible for getting processed by all BeanPostProcessors (for example: not eligible for auto-proxying). The currently created BeanPostProcessor [lbRestClientPostProcessor] is declared through a non-static factory method on that class; consider declaring it as static instead.
2026-04-30T17:27:18.976+05:30  WARN [vendor-service,,] 15320 --- [vendor-service] [main] trationDelegate$BeanPostProcessorChecker : Bean 'deferringLoadBalancerInterceptor' of type [org.springframework.cloud.client.loadbalancer.DeferringLoadBalancerInterceptor] is not eligible for getting processed by all BeanPostProcessors (for example: not eligible for auto-proxying). Is this bean getting eagerly injected into a currently created BeanPostProcessor [lbRestClientPostProcessor]? Check the corresponding BeanPostProcessor declaration and its dependencies.
2026-04-30T17:27:19.582+05:30  INFO [vendor-service,,] 15320 --- [vendor-service] [main] o.s.b.w.embedded.tomcat.TomcatWebServer  : Tomcat initialized with port 8088 (http)
2026-04-30T17:27:19.609+05:30  INFO [vendor-service,,] 15320 --- [vendor-service] [main] o.apache.catalina.core.StandardService   : Starting service [Tomcat]
2026-04-30T17:27:19.610+05:30  INFO [vendor-service,,] 15320 --- [vendor-service] [main] o.apache.catalina.core.StandardEngine    : Starting Servlet engine: [Apache Tomcat/10.1.28]
2026-04-30T17:27:19.755+05:30  INFO [vendor-service,,] 15320 --- [vendor-service] [main] o.a.c.c.C.[Tomcat].[localhost].[/]       : Initializing Spring embedded WebApplicationContext
2026-04-30T17:27:19.756+05:30  INFO [vendor-service,,] 15320 --- [vendor-service] [main] w.s.c.ServletWebServerApplicationContext : Root WebApplicationContext: initialization completed in 4628 ms
2026-04-30T17:27:20.293+05:30 DEBUG [vendor-service,,] 15320 --- [vendor-service] [main] c.b.v.security.JwtAuthenticationFilter   : Filter 'jwtAuthenticationFilter' configured for use
2026-04-30T17:27:20.547+05:30  INFO [vendor-service,,] 15320 --- [vendor-service] [main] o.hibernate.jpa.internal.util.LogHelper  : HHH000204: Processing PersistenceUnitInfo [name: default]
2026-04-30T17:27:20.735+05:30  INFO [vendor-service,,] 15320 --- [vendor-service] [main] org.hibernate.Version                    : HHH000412: Hibernate ORM core version 6.5.2.Final
2026-04-30T17:27:20.805+05:30  INFO [vendor-service,,] 15320 --- [vendor-service] [main] o.h.c.internal.RegionFactoryInitiator    : HHH000026: Second-level cache disabled
2026-04-30T17:27:21.234+05:30  INFO [vendor-service,,] 15320 --- [vendor-service] [main] o.s.o.j.p.SpringPersistenceUnitInfo      : No LoadTimeWeaver setup: ignoring JPA class transformer
2026-04-30T17:27:21.269+05:30  INFO [vendor-service,,] 15320 --- [vendor-service] [main] com.zaxxer.hikari.HikariDataSource       : HikariPool-1 - Starting...
2026-04-30T17:27:21.430+05:30  INFO [vendor-service,,] 15320 --- [vendor-service] [main] com.zaxxer.hikari.pool.HikariPool        : HikariPool-1 - Added connection com.mysql.cj.jdbc.ConnectionImpl@78805df3
2026-04-30T17:27:21.432+05:30  INFO [vendor-service,,] 15320 --- [vendor-service] [main] com.zaxxer.hikari.HikariDataSource       : HikariPool-1 - Start completed.
2026-04-30T17:27:21.488+05:30  WARN [vendor-service,,] 15320 --- [vendor-service] [main] org.hibernate.orm.deprecation            : HHH90000025: MySQL8Dialect does not need to be specified explicitly using 'hibernate.dialect' (remove the property setting and it will be selected by default)
2026-04-30T17:27:21.489+05:30  WARN [vendor-service,,] 15320 --- [vendor-service] [main] org.hibernate.orm.deprecation            : HHH90000026: MySQL8Dialect has been deprecated; use org.hibernate.dialect.MySQLDialect instead
2026-04-30T17:27:22.576+05:30  INFO [vendor-service,,] 15320 --- [vendor-service] [main] o.h.e.t.j.p.i.JtaPlatformInitiator       : HHH000489: No JTA platform available (set 'hibernate.transaction.jta.platform' to enable JTA platform integration)
2026-04-30T17:27:22.791+05:30  INFO [vendor-service,,] 15320 --- [vendor-service] [main] j.LocalContainerEntityManagerFactoryBean : Initialized JPA EntityManagerFactory for persistence unit 'default'
2026-04-30T17:27:24.163+05:30  WARN [vendor-service,,] 15320 --- [vendor-service] [main] JpaBaseConfiguration$JpaWebConfiguration : spring.jpa.open-in-view is enabled by default. Therefore, database queries may be performed during view rendering. Explicitly configure spring.jpa.open-in-view to disable this warning
2026-04-30T17:27:24.369+05:30  INFO [vendor-service,,] 15320 --- [vendor-service] [main] o.s.c.openfeign.FeignClientFactoryBean   : For 'project-service' URL not provided. Will try picking an instance via load-balancing.
2026-04-30T17:27:24.495+05:30  INFO [vendor-service,,] 15320 --- [vendor-service] [main] o.s.c.openfeign.FeignClientFactoryBean   : For 'iam-service' URL not provided. Will try picking an instance via load-balancing.
2026-04-30T17:27:24.678+05:30  INFO [vendor-service,,] 15320 --- [vendor-service] [main] o.s.c.openfeign.FeignClientFactoryBean   : For 'project-service' URL not provided. Will try picking an instance via load-balancing.
2026-04-30T17:27:25.436+05:30  WARN [vendor-service,,] 15320 --- [vendor-service] [main] .s.s.UserDetailsServiceAutoConfiguration : 

Using generated security password: 17932dd8-f954-4591-a213-b13bf69eaf7e

This generated password is for development use only. Your security configuration must be updated before running your application in production.

2026-04-30T17:27:25.476+05:30  INFO [vendor-service,,] 15320 --- [vendor-service] [main] r$InitializeUserDetailsManagerConfigurer : Global AuthenticationManager configured with UserDetailsService bean with name inMemoryUserDetailsManager
2026-04-30T17:27:26.352+05:30  INFO [vendor-service,,] 15320 --- [vendor-service] [main] o.s.b.a.e.web.EndpointLinksResolver      : Exposing 2 endpoints beneath base path '/actuator'
2026-04-30T17:27:27.650+05:30  INFO [vendor-service,,] 15320 --- [vendor-service] [main] DiscoveryClientOptionalArgsConfiguration : Eureka HTTP Client uses RestTemplate.
2026-04-30T17:27:27.717+05:30  WARN [vendor-service,,] 15320 --- [vendor-service] [main] iguration$LoadBalancerCaffeineWarnLogger : Spring Cloud LoadBalancer is currently working with the default cache. While this cache implementation is useful for development and tests, it's recommended to use Caffeine cache in production.You can switch to using Caffeine cache, by adding it and org.springframework.cache.caffeine.CaffeineCacheManager to the classpath.
2026-04-30T17:27:27.789+05:30  INFO [vendor-service,,] 15320 --- [vendor-service] [main] o.s.c.n.eureka.InstanceInfoFactory       : Setting initial instance status as: STARTING
2026-04-30T17:27:27.818+05:30  INFO [vendor-service,,] 15320 --- [vendor-service] [main] com.netflix.discovery.DiscoveryClient    : Initializing Eureka in region us-east-1
2026-04-30T17:27:27.823+05:30  INFO [vendor-service,,] 15320 --- [vendor-service] [main] c.n.d.s.r.aws.ConfigClusterResolver      : Resolving eureka endpoints via configuration
2026-04-30T17:27:27.832+05:30  INFO [vendor-service,,] 15320 --- [vendor-service] [main] com.netflix.discovery.DiscoveryClient    : Disable delta property : false
2026-04-30T17:27:27.833+05:30  INFO [vendor-service,,] 15320 --- [vendor-service] [main] com.netflix.discovery.DiscoveryClient    : Single vip registry refresh property : null
2026-04-30T17:27:27.833+05:30  INFO [vendor-service,,] 15320 --- [vendor-service] [main] com.netflix.discovery.DiscoveryClient    : Force full registry fetch : false
2026-04-30T17:27:27.833+05:30  INFO [vendor-service,,] 15320 --- [vendor-service] [main] com.netflix.discovery.DiscoveryClient    : Application is null : false
2026-04-30T17:27:27.833+05:30  INFO [vendor-service,,] 15320 --- [vendor-service] [main] com.netflix.discovery.DiscoveryClient    : Registered Applications size is zero : true
2026-04-30T17:27:27.833+05:30  INFO [vendor-service,,] 15320 --- [vendor-service] [main] com.netflix.discovery.DiscoveryClient    : Application version is -1: true
2026-04-30T17:27:27.833+05:30  INFO [vendor-service,,] 15320 --- [vendor-service] [main] com.netflix.discovery.DiscoveryClient    : Getting all instance registry info from the eureka server
2026-04-30T17:27:28.277+05:30  INFO [vendor-service,,] 15320 --- [vendor-service] [main] com.netflix.discovery.DiscoveryClient    : The response status is 200
2026-04-30T17:27:28.282+05:30  INFO [vendor-service,,] 15320 --- [vendor-service] [main] com.netflix.discovery.DiscoveryClient    : Starting heartbeat executor: renew interval is: 30
2026-04-30T17:27:28.284+05:30  INFO [vendor-service,,] 15320 --- [vendor-service] [main] c.n.discovery.InstanceInfoReplicator     : InstanceInfoReplicator onDemand update allowed rate per min is 4
2026-04-30T17:27:28.286+05:30  INFO [vendor-service,,] 15320 --- [vendor-service] [main] com.netflix.discovery.DiscoveryClient    : Discovery Client initialized at timestamp 1777550248285 with initial instances count: 6
2026-04-30T17:27:28.313+05:30  INFO [vendor-service,,] 15320 --- [vendor-service] [main] o.s.c.n.e.s.EurekaServiceRegistry        : Registering application VENDOR-SERVICE with eureka with status UP
2026-04-30T17:27:28.313+05:30  INFO [vendor-service,,] 15320 --- [vendor-service] [main] com.netflix.discovery.DiscoveryClient    : Saw local status change event StatusChangeEvent [timestamp=1777550248313, current=UP, previous=STARTING]
2026-04-30T17:27:28.315+05:30  INFO [vendor-service,,] 15320 --- [vendor-service] [DiscoveryClient-InstanceInfoReplicator-%d] com.netflix.discovery.DiscoveryClient    : DiscoveryClient_VENDOR-SERVICE/vendor-service:8088: registering service...
2026-04-30T17:27:28.341+05:30  INFO [vendor-service,,] 15320 --- [vendor-service] [main] o.s.b.w.embedded.tomcat.TomcatWebServer  : Tomcat started on port 8088 (http) with context path '/'
2026-04-30T17:27:28.342+05:30  INFO [vendor-service,,] 15320 --- [vendor-service] [main] .s.c.n.e.s.EurekaAutoServiceRegistration : Updating port to 8088
2026-04-30T17:27:28.359+05:30  INFO [vendor-service,,] 15320 --- [vendor-service] [DiscoveryClient-InstanceInfoReplicator-%d] com.netflix.discovery.DiscoveryClient    : DiscoveryClient_VENDOR-SERVICE/vendor-service:8088 - registration status: 204
2026-04-30T17:27:28.362+05:30  INFO [vendor-service,,] 15320 --- [vendor-service] [main] .b.v.VendorContractManagementApplication : Started VendorContractManagementApplication in 14.175 seconds (process running for 15.013)
2026-04-30T17:32:27.836+05:30  INFO [vendor-service,,] 15320 --- [vendor-service] [AsyncResolver-bootstrap-executor-%d] c.n.d.s.r.aws.ConfigClusterResolver      : Resolving eureka endpoints via configuration
2026-04-30T17:37:27.852+05:30  INFO [vendor-service,,] 15320 --- [vendor-service] [AsyncResolver-bootstrap-executor-%d] c.n.d.s.r.aws.ConfigClusterResolver      : Resolving eureka endpoints via configuration
2026-04-30T17:42:27.855+05:30  INFO [vendor-service,,] 15320 --- [vendor-service] [AsyncResolver-bootstrap-executor-%d] c.n.d.s.r.aws.ConfigClusterResolver      : Resolving eureka endpoints via configuration
2026-04-30T17:47:27.868+05:30  INFO [vendor-service,,] 15320 --- [vendor-service] [AsyncResolver-bootstrap-executor-%d] c.n.d.s.r.aws.ConfigClusterResolver      : Resolving eureka endpoints via configuration
2026-04-30T17:52:27.877+05:30  INFO [vendor-service,,] 15320 --- [vendor-service] [AsyncResolver-bootstrap-executor-%d] c.n.d.s.r.aws.ConfigClusterResolver      : Resolving eureka endpoints via configuration
2026-04-30T17:57:27.883+05:30  INFO [vendor-service,,] 15320 --- [vendor-service] [AsyncResolver-bootstrap-executor-%d] c.n.d.s.r.aws.ConfigClusterResolver      : Resolving eureka endpoints via configuration
2026-04-30T18:02:27.900+05:30  INFO [vendor-service,,] 15320 --- [vendor-service] [AsyncResolver-bootstrap-executor-%d] c.n.d.s.r.aws.ConfigClusterResolver      : Resolving eureka endpoints via configuration
2026-04-30T18:07:27.905+05:30  INFO [vendor-service,,] 15320 --- [vendor-service] [AsyncResolver-bootstrap-executor-%d] c.n.d.s.r.aws.ConfigClusterResolver      : Resolving eureka endpoints via configuration
2026-04-30T18:12:27.917+05:30  INFO [vendor-service,,] 15320 --- [vendor-service] [AsyncResolver-bootstrap-executor-%d] c.n.d.s.r.aws.ConfigClusterResolver      : Resolving eureka endpoints via configuration
